<?xml version="1.0" encoding="UTF-8"?>
<testng-results skipped="0" failed="1" total="1" passed="0">
  <reporter-output>
  </reporter-output>
  <suite name="Default suite" duration-ms="85880" started-at="2018-03-15T18:16:56Z" finished-at="2018-03-15T18:18:22Z">
    <groups>
      <group name="seetest">
        <method signature="SimulateCapture.testEHI()[pri:0, instance:SimulateCapture@5419f379]" name="testEHI" class="SimulateCapture"/>
      </group> <!-- seetest -->
    </groups>
    <test name="Default test" duration-ms="85880" started-at="2018-03-15T18:16:56Z" finished-at="2018-03-15T18:18:22Z">
      <class name="SimulateCapture">
        <test-method status="PASS" signature="setUp()[pri:0, instance:SimulateCapture@5419f379]" name="setUp" is-config="true" duration-ms="30539" started-at="2018-03-15T20:16:56Z" finished-at="2018-03-15T20:17:27Z">
          <reporter-output>
          </reporter-output>
        </test-method> <!-- setUp -->
        <test-method status="FAIL" signature="testEHI()[pri:0, instance:SimulateCapture@5419f379]" name="testEHI" duration-ms="50626" started-at="2018-03-15T20:17:27Z" finished-at="2018-03-15T20:18:17Z">
          <exception class="com.experitest.client.InternalException">
            <message>
              <![CDATA[Exception caught while executing click: Element was not identified: 'xpath=//*[@text='OK']' at zone NATIVE]]>
            </message>
            <full-stacktrace>
              <![CDATA[com.experitest.client.InternalException: Exception caught while executing click: Element was not identified: 'xpath=//*[@text='OK']' at zone NATIVE
	at com.experitest.client.JavaClientInternals.executeInternally(JavaClientInternals.java:249)
	at com.experitest.client.Client.execute(Client.java:247)
	at com.experitest.client.Client.click(Client.java:476)
	at SimulateCapture.testEHI(SimulateCapture.java:29)
	at sun.reflect.NativeMethodAccessorImpl.invoke0(Native Method)
	at sun.reflect.NativeMethodAccessorImpl.invoke(Unknown Source)
	at sun.reflect.DelegatingMethodAccessorImpl.invoke(Unknown Source)
	at java.lang.reflect.Method.invoke(Unknown Source)
	at org.testng.internal.MethodInvocationHelper.invokeMethod(MethodInvocationHelper.java:100)
	at org.testng.internal.Invoker.invokeMethod(Invoker.java:646)
	at org.testng.internal.Invoker.invokeTestMethod(Invoker.java:811)
	at org.testng.internal.Invoker.invokeTestMethods(Invoker.java:1129)
	at org.testng.internal.TestMethodWorker.invokeTestMethods(TestMethodWorker.java:129)
	at org.testng.internal.TestMethodWorker.run(TestMethodWorker.java:112)
	at org.testng.TestRunner.privateRun(TestRunner.java:746)
	at org.testng.TestRunner.run(TestRunner.java:600)
	at org.testng.SuiteRunner.runTest(SuiteRunner.java:366)
	at org.testng.SuiteRunner.runSequentially(SuiteRunner.java:361)
	at org.testng.SuiteRunner.privateRun(SuiteRunner.java:319)
	at org.testng.SuiteRunner.run(SuiteRunner.java:268)
	at org.testng.SuiteRunnerWorker.runSuite(SuiteRunnerWorker.java:52)
	at org.testng.SuiteRunnerWorker.run(SuiteRunnerWorker.java:86)
	at org.testng.TestNG.runSuitesSequentially(TestNG.java:1264)
	at org.testng.TestNG.runSuitesLocally(TestNG.java:1189)
	at org.testng.TestNG.runSuites(TestNG.java:1104)
	at org.testng.TestNG.run(TestNG.java:1076)
	at org.testng.remote.AbstractRemoteTestNG.run(AbstractRemoteTestNG.java:132)
	at org.testng.remote.RemoteTestNG.initAndRun(RemoteTestNG.java:230)
	at org.testng.remote.RemoteTestNG.main(RemoteTestNG.java:76)
]]>
            </full-stacktrace>
          </exception> <!-- com.experitest.client.InternalException -->
          <reporter-output>
          </reporter-output>
        </test-method> <!-- testEHI -->
        <test-method status="PASS" signature="tearDown()[pri:0, instance:SimulateCapture@5419f379]" name="tearDown" is-config="true" duration-ms="4612" started-at="2018-03-15T20:18:17Z" finished-at="2018-03-15T20:18:22Z">
          <reporter-output>
          </reporter-output>
        </test-method> <!-- tearDown -->
      </class> <!-- SimulateCapture -->
    </test> <!-- Default test -->
  </suite> <!-- Default suite -->
</testng-results>
